<?xml version="1.0" encoding="UTF-8"?>
<testng-results skipped="0" failed="0" total="1" passed="1">
  <reporter-output>
  </reporter-output>
  <suite name="Command line suite" duration-ms="48" started-at="2019-10-14T22:43:04Z" finished-at="2019-10-14T22:43:04Z">
    <groups>
    </groups>
    <test name="Command line test" duration-ms="48" started-at="2019-10-14T22:43:04Z" finished-at="2019-10-14T22:43:04Z">
      <class name="CursoSeleniumMaven.CursoSeleniumMaven.AppTest">
        <test-method status="PASS" signature="testApp()[pri:0, instance:testApp(CursoSeleniumMaven.CursoSeleniumMaven.AppTest)]" name="testApp" duration-ms="0" started-at="2019-10-14T17:43:04Z" finished-at="2019-10-14T17:43:04Z">
          <reporter-output>
          </reporter-output>
        </test-method> <!-- testApp -->
      </class> <!-- CursoSeleniumMaven.CursoSeleniumMaven.AppTest -->
    </test> <!-- Command line test -->
  </suite> <!-- Command line suite -->
</testng-results>
