<?xml version="1.0" encoding="UTF-8"?>
<!-- Generated by org.testng.reporters.JUnitXMLReporter -->
<testsuite hostname="GMDQAS1" name="TestNG_Formulario" tests="3" failures="0" timestamp="18 Oct 2019 16:47:51 GMT" time="93.701" errors="0">
  <testcase name="RegistrarFormulario" time="30.088" classname="Test.TestFormulario"/>
  <testcase name="RegistrarFormulario" time="28.544" classname="Test.TestFormulario"/>
  <testcase name="RegistrarFormulario" time="28.188" classname="Test.TestFormulario"/>
</testsuite> <!-- TestNG_Formulario -->
