<?xml version="1.0" encoding="UTF-8"?>
<testng-results skipped="0" failed="0" total="1" passed="1">
  <reporter-output>
  </reporter-output>
  <suite name="Suite" duration-ms="76210" started-at="2019-10-21T19:18:43Z" finished-at="2019-10-21T19:19:59Z">
    <groups>
    </groups>
    <test name="TestNG_Formulario" duration-ms="76210" started-at="2019-10-21T19:18:43Z" finished-at="2019-10-21T19:19:59Z">
      <class name="Test.TestFormulario">
        <test-method status="PASS" signature="setUp()[pri:0, instance:Test.TestFormulario@cb5822]" name="setUp" is-config="true" duration-ms="22731" started-at="2019-10-21T14:18:43Z" finished-at="2019-10-21T14:19:06Z">
          <reporter-output>
          </reporter-output>
        </test-method> <!-- setUp -->
        <test-method status="PASS" signature="RegistrarFormulario(java.lang.String, java.lang.String, java.lang.String, java.lang.String, java.lang.String, java.lang.String, java.lang.String)[pri:0, instance:Test.TestFormulario@cb5822]" name="RegistrarFormulario" duration-ms="42486" started-at="2019-10-21T14:19:14Z" data-provider="getTestData" finished-at="2019-10-21T14:19:57Z">
          <params>
            <param index="0">
              <value>
                <![CDATA[Pedro Aquino]]>
              </value>
            </param>
            <param index="1">
              <value>
                <![CDATA[paquino@gmail.com]]>
              </value>
            </param>
            <param index="2">
              <value>
                <![CDATA[13-Aug-2019]]>
              </value>
            </param>
            <param index="3">
              <value>
                <![CDATA[Hombre]]>
              </value>
            </param>
            <param index="4">
              <value>
                <![CDATA[Leer Libro]]>
              </value>
            </param>
            <param index="5">
              <value>
                <![CDATA[Carabayllo]]>
              </value>
            </param>
            <param index="6">
              <value>
                <![CDATA[Registro de Prueba 1]]>
              </value>
            </param>
          </params>
          <reporter-output>
          </reporter-output>
        </test-method> <!-- RegistrarFormulario -->
        <test-method status="PASS" signature="tearDown()[pri:0, instance:Test.TestFormulario@cb5822]" name="tearDown" is-config="true" duration-ms="2134" started-at="2019-10-21T14:19:57Z" finished-at="2019-10-21T14:19:59Z">
          <reporter-output>
          </reporter-output>
        </test-method> <!-- tearDown -->
      </class> <!-- Test.TestFormulario -->
    </test> <!-- TestNG_Formulario -->
  </suite> <!-- Suite -->
</testng-results>
